<?xml version="1.0" encoding="UTF-8"?>
<!-- Generated by org.testng.reporters.JUnitReportReporter -->
<testsuite hostname="DHALIWAL" failures="0" tests="1" name="testlayer.Ordertest" time="25.257" errors="0" timestamp="2024-06-12T07:04:49 EDT" skipped="0">
  <testcase classname="testlayer.Ordertest" name="notyetshippedcheck" time="25.257"/>
</testsuite> <!-- testlayer.Ordertest -->
