<?xml version="1.0" encoding="UTF-8"?>
<!-- Generated by org.testng.reporters.JUnitReportReporter -->
<testsuite hostname="DHALIWAL" failures="0" tests="1" name="testlayer.HomepageTest" time="11.919" errors="0" timestamp="2024-06-08T22:36:14 EDT" skipped="0">
  <testcase classname="testlayer.HomepageTest" name="youraccountTest" time="11.919"/>
</testsuite> <!-- testlayer.HomepageTest -->
