<?xml version="1.0" encoding="UTF-8"?>
<!-- Generated by org.testng.reporters.JUnitReportReporter -->
<testsuite hostname="DHALIWAL" failures="0" tests="1" name="amazontest.FilterTest" time="31.303" errors="0" timestamp="2024-06-23T23:31:52 EDT" skipped="0">
  <testcase classname="amazontest.FilterTest" name="filterByBrandName1" time="31.303"/>
</testsuite> <!-- amazontest.FilterTest -->
