<?xml version="1.0" encoding="UTF-8"?>
<!-- Generated by org.testng.reporters.JUnitReportReporter -->
<testsuite hostname="DHALIWAL" failures="0" tests="1" name="testlayer.LoginTest" time="9.125" errors="0" timestamp="2024-06-08T15:10:42 EDT" skipped="0">
  <testcase classname="testlayer.LoginTest" name="Login" time="9.125"/>
</testsuite> <!-- testlayer.LoginTest -->
