<?xml version="1.0" encoding="UTF-8"?>
<!-- Generated by org.testng.reporters.JUnitReportReporter -->
<testsuite hostname="DHALIWAL" failures="0" tests="1" name="amazontest.ShoppingcartTest" time="22.666" errors="0" timestamp="2024-06-24T07:58:14 EDT" skipped="0">
  <testcase classname="amazontest.ShoppingcartTest" name="laststep" time="22.666"/>
</testsuite> <!-- amazontest.ShoppingcartTest -->
