<?xml version="1.0" encoding="UTF-8"?>
<!-- Generated by org.testng.reporters.JUnitReportReporter -->
<testsuite hostname="DHALIWAL" failures="0" tests="1" name="testlayer.Signinclass" time="10.982" errors="0" timestamp="2024-06-08T12:20:29 EDT" skipped="0">
  <testcase classname="testlayer.Signinclass" name="CorrectUsername" time="10.982"/>
</testsuite> <!-- testlayer.Signinclass -->
