<?xml version="1.0" encoding="UTF-8"?>
<!-- Generated by org.testng.reporters.JUnitReportReporter -->
<testsuite hostname="DHALIWAL" failures="0" tests="1" name="testlayer.SigninTest" time="8.146" errors="0" timestamp="2024-06-08T13:26:36 EDT" skipped="0">
  <testcase classname="testlayer.SigninTest" name="CorrectUsername" time="8.146"/>
</testsuite> <!-- testlayer.SigninTest -->
